Base path: 'C:/Program Files/Unity/Editor/Data', plugins path 'C:/Program Files/Unity/Editor/Data/PlaybackEngines'
Cmd: initializeCompiler
Cmd: preprocess
  insize=2331 outsize=760 ok=1
Cmd: preprocess
  insize=2333 outsize=762 ok=1
Cmd: preprocess
  insize=2331 outsize=760 ok=1
Cmd: preprocess
  insize=2333 outsize=762 ok=1
Cmd: preprocess
  insize=2331 outsize=760 ok=1
Cmd: preprocess
  insize=2333 outsize=762 ok=1
Cmd: preprocess
  insize=2420 outsize=762 ok=1
Cmd: preprocess
  insize=2423 outsize=763 ok=1
Cmd: preprocess
  insize=2421 outsize=763 ok=1
Cmd: preprocess
  insize=2420 outsize=762 ok=1
Cmd: preprocess
  insize=2482 outsize=824 ok=1
Cmd: preprocess
  insize=2484 outsize=826 ok=1
Cmd: preprocess
  insize=2484 outsize=826 ok=1
Cmd: preprocess
  insize=2482 outsize=824 ok=1
Cmd: shutdown
